[DEBUG] Request received
[DEBUG] Processing request
[DEBUG] Chapter IDs string
[DEBUG] SQL Query
[DEBUG] Questions loaded
[DEBUG] Request received
[DEBUG] Processing request
[DEBUG] Chapter IDs string
[DEBUG] SQL Query
[DEBUG] Questions loaded
[DEBUG] Request received
[DEBUG] Processing request
[DEBUG] Chapter IDs string
[DEBUG] SQL Query
[DEBUG] Questions loaded
[DEBUG] Request received
[DEBUG] Processing request
[DEBUG] Chapter IDs string
[DEBUG] SQL Query
[DEBUG] Questions loaded
[DEBUG] Request received
[DEBUG] Processing request
[DEBUG] Chapter IDs string
[DEBUG] SQL Query
[DEBUG] Questions loaded
[DEBUG] Request received
[DEBUG] Processing request
[DEBUG] Chapter IDs string
[DEBUG] SQL Query
[DEBUG] Questions loaded
[DEBUG] Request received
[DEBUG] Processing request
[DEBUG] Chapter IDs string
[DEBUG] SQL Query
[DEBUG] Questions loaded
[DEBUG] Request received
[DEBUG] Processing request
[DEBUG] Chapter IDs string
[DEBUG] SQL Query
[DEBUG] Questions loaded
[DEBUG] Request received
[DEBUG] Processing request
[DEBUG] Chapter IDs string
[DEBUG] SQL Query
[DEBUG] Questions loaded
[DEBUG] Request received
[DEBUG] Processing request
[DEBUG] Chapter IDs string
[DEBUG] SQL Query
[DEBUG] Questions loaded
